[2024-02-02 10:36:09,134: INFO: 1130425893: Succefully read data]
[2024-02-02 10:36:09,182: INFO: 3886999444: check_leading_spaces completed]
[2024-02-02 10:36:09,206: INFO: 3648225304: Detected 'date' as a potential date column using format '%m/%d/%y %I:%M %p'.]
[2024-02-02 10:36:09,330: INFO: 1736028783: Found target column: sales]
[2024-02-02 10:36:09,415: INFO: 1385696964: Missing values handled. Null count after treatment: 0]
[2024-02-02 10:36:09,423: INFO: 1385696964: Missing values handled. Null count after treatment: 0]
[2024-02-02 10:36:09,423: INFO: 1385696964: Missing values handled. Null count after treatment: 0]
[2024-02-02 10:36:09,423: INFO: 1385696964: Missing values handled. Null count after treatment: 0]
[2024-02-02 10:36:09,423: INFO: 1385696964: Missing values handled. Null count after treatment: 0]
[2024-02-02 10:36:09,431: INFO: 1385696964: Missing values handled. Null count after treatment: 0]
[2024-02-02 10:36:09,463: INFO: 3779441482: Outliers Detected in target column sales]
[2024-02-02 10:36:09,520: INFO: 2871761197: Outlier Treatment completed on target column sales]
[2024-02-02 10:53:33,199: INFO: 1130425893: Succefully read data]
[2024-02-02 10:53:35,374: INFO: 3886999444: check_leading_spaces completed]
[2024-02-02 10:53:37,203: INFO: 3648225304: Detected 'date' as a potential date column using format '%m/%d/%y %I:%M %p'.]
[2024-02-02 10:54:01,474: INFO: 1736028783: Found target column: sales]
[2024-02-02 10:54:07,199: INFO: 1385696964: Missing values handled. Null count after treatment: 0]
[2024-02-02 10:54:07,202: INFO: 1385696964: Missing values handled. Null count after treatment: 0]
[2024-02-02 10:54:07,203: INFO: 1385696964: Missing values handled. Null count after treatment: 0]
[2024-02-02 10:54:07,206: INFO: 1385696964: Missing values handled. Null count after treatment: 0]
[2024-02-02 10:54:07,209: INFO: 1385696964: Missing values handled. Null count after treatment: 0]
[2024-02-02 10:54:07,211: INFO: 1385696964: Missing values handled. Null count after treatment: 0]
[2024-02-02 10:54:15,927: INFO: 3779441482: Outliers Detected in target column sales]
[2024-02-02 10:54:22,774: INFO: 2871761197: Outlier Treatment completed on target column sales]
[2024-02-02 14:13:02,715: INFO: 1130425893: Succefully read data]
[2024-02-02 14:13:07,531: INFO: 3886999444: check_leading_spaces completed]
[2024-02-02 14:13:11,703: INFO: 3648225304: Detected 'date' as a potential date column using format '%m/%d/%y %I:%M %p'.]
[2024-02-02 14:13:21,386: INFO: 1736028783: Found target column: sales]
[2024-02-02 14:13:26,362: INFO: 1385696964: Missing values handled. Null count after treatment: 0]
[2024-02-02 14:13:26,376: INFO: 1385696964: Missing values handled. Null count after treatment: 0]
[2024-02-02 14:13:26,378: INFO: 1385696964: Missing values handled. Null count after treatment: 0]
[2024-02-02 14:13:26,383: INFO: 1385696964: Missing values handled. Null count after treatment: 0]
[2024-02-02 14:13:26,385: INFO: 1385696964: Missing values handled. Null count after treatment: 0]
[2024-02-02 14:13:26,387: INFO: 1385696964: Missing values handled. Null count after treatment: 0]
[2024-02-02 14:13:35,344: INFO: 3779441482: Outliers Detected in target column sales]
[2024-02-02 14:13:40,009: INFO: 2871761197: Outlier Treatment completed on target column sales]
[2024-02-02 14:40:11,473: ERROR: 1130425893: Error reading data from csv file: 'utf-8' codec can't decode bytes in position 15-16: invalid continuation byte]
[2024-02-02 14:40:29,377: ERROR: 2683129479: Error reading data from csv file: 'utf-8' codec can't decode bytes in position 15-16: invalid continuation byte]
[2024-02-02 14:40:44,071: ERROR: 31278685: Error reading data from xlsx file: Unsupported file type: xlsx]
[2024-02-02 14:40:53,045: INFO: 2755317260: Succefully read data]
[2024-02-02 14:41:06,616: INFO: 3867729312: Succefully read data]
[2024-02-02 14:41:23,717: INFO: 3886999444: check_leading_spaces completed]
[2024-02-02 14:41:42,662: INFO: 3648225304: No potential date column detected.]
[2024-02-02 14:44:09,316: INFO: 3648225304: Detected 'Periods' as a potential date column using format '%Y-%m-%d'.]
[2024-02-02 14:49:22,923: INFO: 553219128: Detected 'Periods' as a potential date column using format '%Y-%m-%d'.]
[2024-02-02 14:54:03,418: INFO: 3867729312: Succefully read data]
[2024-02-02 14:54:06,723: INFO: 3886999444: check_leading_spaces completed]
[2024-02-02 15:01:05,983: INFO: 3867729312: Succefully read data]
[2024-02-02 15:01:07,300: INFO: 3886999444: check_leading_spaces completed]
[2024-02-02 15:01:09,847: INFO: 553219128: Detected 'Periods' as a potential date column using format '%Y-%m-%d'.]
[2024-02-02 15:03:51,758: INFO: 3867729312: Succefully read data]
[2024-02-02 15:03:57,456: INFO: 3886999444: check_leading_spaces completed]
[2024-02-02 15:04:00,419: INFO: 553219128: Detected 'Periods' as a potential date column using format '%Y-%m-%d'.]
[2024-02-02 15:04:24,977: INFO: 3727463127: Detected 'Periods' as a potential date column using format '%Y-%m-%d'.]
[2024-02-02 15:04:49,391: INFO: 3221717508: Detected 'Periods' as a potential date column using format '%Y-%m-%d'.]
[2024-02-02 15:07:25,333: INFO: 1736028783: Found target column: $]
[2024-02-02 15:07:25,334: INFO: 1736028783: Found target column: Any Promo $]
[2024-02-02 15:18:32,081: INFO: 1385696964: Missing values handled. Null count after treatment: 0]
[2024-02-02 15:18:32,087: INFO: 1385696964: Missing values handled. Null count after treatment: 0]
[2024-02-02 15:18:32,091: INFO: 1385696964: Missing values handled. Null count after treatment: 0]
[2024-02-02 15:18:32,096: INFO: 1385696964: Missing values handled. Null count after treatment: 0]
[2024-02-02 15:18:32,110: INFO: 1385696964: Missing values handled. Null count after treatment: 0]
[2024-02-02 15:18:32,117: INFO: 1385696964: Missing values handled. Null count after treatment: 0]
[2024-02-02 15:20:20,019: INFO: 4200797605: Missing values handled. Null count after treatment: 0]
[2024-02-02 15:20:34,026: INFO: 3779441482: Outliers Detected in target column $]
[2024-02-02 15:20:34,026: INFO: 3779441482: Outliers Detected in target column Any Promo $]
[2024-02-02 15:21:38,573: INFO: 3867729312: Succefully read data]
[2024-02-02 15:21:39,989: INFO: 3886999444: check_leading_spaces completed]
[2024-02-02 15:21:41,111: INFO: 3221717508: Detected 'Periods' as a potential date column using format '%Y-%m-%d'.]
[2024-02-02 15:21:51,243: INFO: 1736028783: Found target column: $]
[2024-02-02 15:21:54,620: INFO: 4200797605: Missing values handled. Null count after treatment: 0]
[2024-02-02 15:22:04,424: INFO: 3779441482: Outliers Detected in target column $]
[2024-02-02 15:22:16,990: INFO: 2871761197: Outlier Treatment completed on target column $]
[2024-02-02 15:23:05,845: INFO: 2871761197: Outlier Treatment completed on target column $]
[2024-02-02 15:29:28,359: INFO: 3867729312: Succefully read data]
[2024-02-02 15:29:30,844: INFO: 3886999444: check_leading_spaces completed]
[2024-02-02 15:29:31,589: INFO: 3221717508: Detected 'Periods' as a potential date column using format '%Y-%m-%d'.]
[2024-02-02 15:29:40,659: INFO: 1736028783: Found target column: $]
[2024-02-02 15:29:44,116: INFO: 4200797605: Missing values handled. Null count after treatment: 0]
[2024-02-02 15:29:46,044: INFO: 3779441482: Outliers Detected in target column $]
[2024-02-02 15:29:48,282: INFO: 2871761197: Outlier Treatment completed on target column $]
[2024-02-02 16:14:05,576: INFO: 3867729312: Succefully read data]
[2024-02-02 16:15:15,197: INFO: 3886999444: check_leading_spaces completed]
[2024-02-02 16:15:18,418: INFO: 3221717508: Detected 'Periods' as a potential date column using format '%Y-%m-%d'.]
[2024-02-02 16:16:13,251: INFO: 4267331785: Found target column: $]
[2024-02-02 16:17:10,887: INFO: 4227659725: Missing values handled. Null count after treatment: 0]
[2024-02-02 16:17:24,446: INFO: 3149303080: Outliers Detected in target column $]
[2024-02-02 16:18:44,198: INFO: 3867729312: Succefully read data]
[2024-02-02 16:18:48,889: INFO: 3886999444: check_leading_spaces completed]
[2024-02-02 16:18:50,031: INFO: 3221717508: Detected 'Periods' as a potential date column using format '%Y-%m-%d'.]
[2024-02-02 16:18:55,202: INFO: 4267331785: Found target column: $]
[2024-02-02 16:18:55,423: INFO: 4227659725: Missing values handled. Null count after treatment: 0]
[2024-02-02 16:19:04,977: INFO: 3149303080: Outliers Detected in target column $]
[2024-02-02 16:19:33,565: INFO: 2025814116: Outlier Treatment completed on target column $]
[2024-02-02 16:33:25,971: INFO: 3867729312: Succefully read data]
[2024-02-02 16:33:37,213: INFO: 246152771: Numerical columns: ['$', 'Units', 'Avg Unit Price', 'Base Unit Price', 'Any Promo $', 'Any Promo Units']]
[2024-02-02 16:33:37,216: INFO: 246152771: Categorical columns: ['Periods', 'CATEGORY']]
[2024-02-02 16:34:01,391: INFO: 3867729312: Succefully read data]
[2024-02-02 16:35:26,745: INFO: 3867729312: Succefully read data]
[2024-02-02 16:35:44,471: INFO: 3886999444: check_leading_spaces completed]
[2024-02-02 16:35:44,658: INFO: 3221717508: Detected 'Periods' as a potential date column using format '%Y-%m-%d'.]
[2024-02-02 16:35:50,323: INFO: 2823633259: Numerical columns: ['$', 'Units', 'Avg Unit Price', 'Base Unit Price', 'Any Promo Units']]
[2024-02-02 16:35:50,323: INFO: 2823633259: Categorical columns: []]
[2024-02-02 16:36:24,261: INFO: 3886999444: check_leading_spaces completed]
[2024-02-02 16:36:25,341: INFO: 3221717508: Detected '$' as a potential date column using format '%Y-%m-%d'.]
[2024-02-02 16:36:39,882: INFO: 3867729312: Succefully read data]
[2024-02-02 16:36:42,459: INFO: 3886999444: check_leading_spaces completed]
[2024-02-02 16:36:43,951: INFO: 3221717508: Detected 'Periods' as a potential date column using format '%Y-%m-%d'.]
[2024-02-02 16:36:53,549: INFO: 2823633259: Numerical columns: ['$', 'Units', 'Avg Unit Price', 'Base Unit Price', 'Any Promo $', 'Any Promo Units']]
[2024-02-02 16:36:53,549: INFO: 2823633259: Categorical columns: ['CATEGORY']]
[2024-02-02 16:37:31,930: INFO: 4267331785: Found target column: $]
[2024-02-02 16:37:31,932: INFO: 4267331785: Found target column: Any Promo $]
[2024-02-02 16:37:55,955: INFO: 3886999444: check_leading_spaces completed]
[2024-02-02 16:37:56,168: INFO: 3221717508: Detected 'CATEGORY' as a potential date column using format '%Y-%m-%d'.]
[2024-02-02 16:37:58,035: INFO: 2823633259: Numerical columns: ['$', 'Units', 'Avg Unit Price', 'Base Unit Price', 'Any Promo Units']]
[2024-02-02 16:37:58,035: INFO: 2823633259: Categorical columns: ['CATEGORY']]
[2024-02-02 16:37:58,621: INFO: 4267331785: Found target column: $]
[2024-02-02 16:38:04,245: INFO: 4227659725: Missing values handled. Null count after treatment: 0]
[2024-02-02 16:38:06,946: INFO: 3149303080: Outliers Detected in target column $]
[2024-02-02 16:38:29,962: INFO: 2025814116: Outlier Treatment completed on target column $]
[2024-02-02 16:39:21,288: INFO: 3867729312: Succefully read data]
[2024-02-02 16:39:51,567: INFO: 3886999444: check_leading_spaces completed]
[2024-02-02 16:39:53,366: INFO: 3221717508: Detected 'Periods' as a potential date column using format '%Y-%m-%d'.]
[2024-02-02 16:40:12,745: INFO: 2823633259: Numerical columns: ['$', 'Units', 'Avg Unit Price', 'Base Unit Price', 'Any Promo Units']]
[2024-02-02 16:40:12,748: INFO: 2823633259: Categorical columns: ['CATEGORY']]
[2024-02-02 16:44:06,128: INFO: 4016139252: Numerical columns: ['$', 'Units', 'Avg Unit Price', 'Base Unit Price', 'Any Promo Units']]
[2024-02-02 16:44:06,128: INFO: 4016139252: Categorical columns: ['CATEGORY']]
[2024-02-02 16:50:12,128: INFO: 2164353761: Numerical columns: ['$', 'Units', 'Avg Unit Price', 'Base Unit Price', 'Any Promo Units']]
[2024-02-02 16:50:12,138: INFO: 2164353761: Categorical columns: ['CATEGORY']]
[2024-02-02 16:51:00,791: INFO: 963172935: One-Hot Encoding applied to categorical columns: ['CATEGORY']]
[2024-02-02 16:54:40,627: INFO: 380723558: One-Hot Encoding applied to categorical columns: ['CATEGORY']]
[2024-02-02 16:54:40,627: INFO: 380723558: Encoded data merged into the original dataset. Merged dataset shape: (21666, 13)]
[2024-02-02 16:57:03,694: INFO: 1265536020: One-Hot Encoding applied to categorical columns: ['CATEGORY']]
[2024-02-02 16:57:03,702: INFO: 1265536020: Encoded data merged into the original dataset. Merged dataset shape: (21666, 13)]
[2024-02-02 17:09:07,541: INFO: 3867729312: Succefully read data]
[2024-02-02 17:09:35,895: INFO: 3886999444: check_leading_spaces completed]
[2024-02-02 17:09:36,977: INFO: 3221717508: Detected 'Periods' as a potential date column using format '%Y-%m-%d'.]
[2024-02-02 17:12:29,347: INFO: 2164353761: Numerical columns: ['$', 'Units', 'Avg Unit Price', 'Base Unit Price', 'Any Promo Units']]
[2024-02-02 17:12:29,348: INFO: 2164353761: Categorical columns: ['CATEGORY']]
[2024-02-02 17:12:42,948: INFO: 2500185449: One-Hot Encoding applied to categorical columns: ['CATEGORY']]
[2024-02-02 17:12:42,951: INFO: 2500185449: Encoded data merged into the original dataset. Merged dataset shape: (21666, 13)]
[2024-02-02 17:15:51,120: INFO: 2164353761: Numerical columns: ['$', 'Units', 'Avg Unit Price', 'Base Unit Price', 'Any Promo Units']]
[2024-02-02 17:15:51,123: INFO: 2164353761: Categorical columns: ['CATEGORY']]
[2024-02-02 17:15:53,862: INFO: 1721647307: One-Hot Encoding applied to categorical columns: ['CATEGORY']]
[2024-02-02 17:15:53,862: INFO: 1721647307: Dummified columns added to the original dataset. Updated dataset shape: (21666, 13)]
[2024-02-02 17:19:08,937: INFO: 2164353761: Numerical columns: ['$', 'Units', 'Avg Unit Price', 'Base Unit Price', 'Any Promo Units']]
[2024-02-02 17:19:08,941: INFO: 2164353761: Categorical columns: []]
[2024-02-02 17:19:19,189: INFO: 3867729312: Succefully read data]
[2024-02-02 17:19:19,239: INFO: 3886999444: check_leading_spaces completed]
[2024-02-02 17:19:19,289: INFO: 3221717508: Detected 'Periods' as a potential date column using format '%Y-%m-%d'.]
[2024-02-02 17:19:20,870: INFO: 2164353761: Numerical columns: ['$', 'Units', 'Avg Unit Price', 'Base Unit Price', 'Any Promo Units']]
[2024-02-02 17:19:20,870: INFO: 2164353761: Categorical columns: ['CATEGORY']]
[2024-02-02 17:19:23,031: INFO: 2164353761: Numerical columns: ['$', 'Units', 'Avg Unit Price', 'Base Unit Price', 'Any Promo Units']]
[2024-02-02 17:19:23,031: INFO: 2164353761: Categorical columns: ['CATEGORY']]
[2024-02-02 17:19:28,260: INFO: 1739084624: One-Hot Encoding applied to categorical columns: ['CATEGORY']]
[2024-02-02 17:19:28,267: INFO: 1739084624: One-Hot encoded columns appended to the original dataset. Updated dataset shape: (21666, 8)]
[2024-02-02 17:22:58,732: INFO: 3867729312: Succefully read data]
[2024-02-02 17:22:58,784: INFO: 3886999444: check_leading_spaces completed]
[2024-02-02 17:22:58,810: INFO: 3221717508: Detected 'Periods' as a potential date column using format '%Y-%m-%d'.]
[2024-02-02 17:22:59,345: INFO: 2164353761: Numerical columns: ['$', 'Units', 'Avg Unit Price', 'Base Unit Price', 'Any Promo Units']]
[2024-02-02 17:22:59,353: INFO: 2164353761: Categorical columns: ['CATEGORY']]
[2024-02-02 17:23:01,469: INFO: 2164353761: Numerical columns: ['$', 'Units', 'Avg Unit Price', 'Base Unit Price', 'Any Promo Units']]
[2024-02-02 17:23:01,469: INFO: 2164353761: Categorical columns: ['CATEGORY']]
[2024-02-02 17:23:08,831: INFO: 1739084624: One-Hot Encoding applied to categorical columns: ['CATEGORY']]
[2024-02-02 17:23:08,831: INFO: 1739084624: One-Hot encoded columns appended to the original dataset. Updated dataset shape: (21666, 8)]
[2024-02-02 17:23:13,005: INFO: 4267331785: Found target column: $]
[2024-02-02 17:23:15,621: INFO: 4227659725: Missing values handled. Null count after treatment: 0]
[2024-02-02 17:23:39,557: INFO: 3149303080: Outliers Detected in target column $]
[2024-02-02 17:23:45,424: INFO: 2025814116: Outlier Treatment completed on target column $]
[2024-02-05 09:38:17,731: INFO: 3867729312: Succefully read data]
[2024-02-05 09:38:20,190: INFO: 3886999444: check_leading_spaces completed]
[2024-02-05 09:38:22,181: INFO: 3221717508: Detected 'Periods' as a potential date column using format '%Y-%m-%d'.]
[2024-02-05 09:38:30,746: INFO: 4117177363: Numerical columns: ['$', 'Units', 'Avg Unit Price', 'Base Unit Price', 'Any Promo Units']]
[2024-02-05 09:38:30,747: INFO: 4117177363: Categorical columns: ['CATEGORY']]
[2024-02-05 09:38:33,661: INFO: 4117177363: Numerical columns: ['$', 'Units', 'Avg Unit Price', 'Base Unit Price', 'Any Promo Units']]
[2024-02-05 09:38:33,670: INFO: 4117177363: Categorical columns: ['CATEGORY']]
[2024-02-05 09:39:08,196: INFO: 1739084624: One-Hot Encoding applied to categorical columns: ['CATEGORY']]
[2024-02-05 09:39:08,197: INFO: 1739084624: One-Hot encoded columns appended to the original dataset. Updated dataset shape: (21666, 8)]
[2024-02-05 09:39:53,217: INFO: 3867729312: Succefully read data]
[2024-02-05 09:39:53,603: INFO: 3886999444: check_leading_spaces completed]
[2024-02-05 10:15:09,371: INFO: 3867729312: Succefully read data]
[2024-02-05 10:15:18,538: INFO: 3886999444: check_leading_spaces completed]
[2024-02-05 10:16:41,899: INFO: 3221717508: Detected 'Periods' as a potential date column using format '%Y-%m-%d'.]
[2024-02-05 10:19:14,837: INFO: 4117177363: Numerical columns: ['$', 'Units', 'Avg Unit Price', 'Base Unit Price', 'Any Promo Units']]
[2024-02-05 10:19:14,838: INFO: 4117177363: Categorical columns: ['CATEGORY']]
[2024-02-05 10:19:49,537: INFO: 1364411284: One-Hot Encoding applied to categorical columns: ['CATEGORY']]
[2024-02-05 10:19:49,538: INFO: 1364411284: One-Hot encoded columns appended to the original dataset. Updated dataset shape: (21666, 8)]
[2024-02-05 10:21:10,237: INFO: 4267331785: Found target column: $]
[2024-02-05 10:21:33,062: INFO: 4227659725: Missing values handled. Null count after treatment: 0]
[2024-02-05 10:21:43,112: INFO: 3149303080: Outliers Detected in target column $]
[2024-02-05 10:23:51,152: INFO: 3867729312: Succefully read data]
[2024-02-05 10:23:54,406: INFO: 3886999444: check_leading_spaces completed]
[2024-02-05 10:24:01,408: INFO: 3221717508: Detected 'Periods' as a potential date column using format '%Y-%m-%d'.]
[2024-02-05 10:24:16,852: INFO: 4117177363: Numerical columns: ['$', 'Units', 'Avg Unit Price', 'Base Unit Price', 'Any Promo Units']]
[2024-02-05 10:24:16,852: INFO: 4117177363: Categorical columns: ['CATEGORY']]
[2024-02-05 10:25:44,506: INFO: 2748747421: One-Hot Encoding applied to categorical columns: ['CATEGORY']]
[2024-02-05 10:25:44,507: INFO: 2748747421: One-Hot encoded columns appended to the original dataset. Updated dataset shape: (21666, 9)]
[2024-02-05 10:25:54,270: INFO: 4267331785: Found target column: $]
[2024-02-05 10:25:56,885: INFO: 4227659725: Missing values handled. Null count after treatment: 0]
[2024-02-05 10:26:25,795: INFO: 3149303080: Outliers Detected in target column $]
[2024-02-05 10:26:31,673: INFO: 2025814116: Outlier Treatment completed on target column $]
[2024-02-05 10:36:11,502: INFO: 3867729312: Succefully read data]
[2024-02-05 10:36:13,530: INFO: 3886999444: check_leading_spaces completed]
[2024-02-05 10:36:14,722: INFO: 3221717508: Detected 'Periods' as a potential date column using format '%Y-%m-%d'.]
[2024-02-05 10:36:26,623: INFO: 4117177363: Numerical columns: ['$', 'Units', 'Avg Unit Price', 'Base Unit Price', 'Any Promo Units']]
[2024-02-05 10:36:26,624: INFO: 4117177363: Categorical columns: ['CATEGORY']]
[2024-02-05 10:36:29,597: INFO: 2748747421: One-Hot Encoding applied to categorical columns: ['CATEGORY']]
[2024-02-05 10:36:29,598: INFO: 2748747421: One-Hot encoded columns appended to the original dataset. Updated dataset shape: (21666, 9)]
[2024-02-05 10:39:10,917: INFO: 3867729312: Succefully read data]
[2024-02-05 10:39:12,863: INFO: 3886999444: check_leading_spaces completed]
[2024-02-05 10:39:14,090: INFO: 3221717508: Detected 'Periods' as a potential date column using format '%Y-%m-%d'.]
[2024-02-05 10:39:23,466: INFO: 4117177363: Numerical columns: ['$', 'Units', 'Avg Unit Price', 'Base Unit Price', 'Any Promo Units']]
[2024-02-05 10:39:23,467: INFO: 4117177363: Categorical columns: ['CATEGORY']]
[2024-02-05 10:39:26,345: INFO: 1447435153: One-Hot Encoding applied to categorical columns: ['CATEGORY']]
[2024-02-05 10:39:26,345: INFO: 1447435153: One-Hot encoded columns appended to the original dataset. Updated dataset shape: (21666, 6)]
[2024-02-05 10:39:53,523: INFO: 3867729312: Succefully read data]
[2024-02-05 10:39:53,580: INFO: 3886999444: check_leading_spaces completed]
[2024-02-05 10:39:54,001: INFO: 3221717508: Detected 'Periods' as a potential date column using format '%Y-%m-%d'.]
[2024-02-05 10:40:00,099: INFO: 4117177363: Numerical columns: ['$', 'Units', 'Avg Unit Price', 'Base Unit Price', 'Any Promo Units']]
[2024-02-05 10:40:00,100: INFO: 4117177363: Categorical columns: ['CATEGORY']]
[2024-02-05 10:40:01,124: INFO: 3804488801: One-Hot Encoding applied to categorical columns: ['CATEGORY']]
[2024-02-05 10:40:01,125: INFO: 3804488801: One-Hot encoded columns appended to the original dataset. Updated dataset shape: (21666, 6)]
[2024-02-05 10:40:24,530: INFO: 3867729312: Succefully read data]
[2024-02-05 10:40:24,758: INFO: 3886999444: check_leading_spaces completed]
[2024-02-05 10:40:25,184: INFO: 3221717508: Detected 'Periods' as a potential date column using format '%Y-%m-%d'.]
[2024-02-05 10:40:30,267: INFO: 4117177363: Numerical columns: ['$', 'Units', 'Avg Unit Price', 'Base Unit Price', 'Any Promo Units']]
[2024-02-05 10:40:30,269: INFO: 4117177363: Categorical columns: ['CATEGORY']]
[2024-02-05 10:40:32,548: INFO: 2748747421: One-Hot Encoding applied to categorical columns: ['CATEGORY']]
[2024-02-05 10:40:32,549: INFO: 2748747421: One-Hot encoded columns appended to the original dataset. Updated dataset shape: (21666, 9)]
[2024-02-05 10:41:19,366: INFO: 3867729312: Succefully read data]
[2024-02-05 10:41:20,344: INFO: 3886999444: check_leading_spaces completed]
[2024-02-05 10:41:21,627: INFO: 3221717508: Detected 'Periods' as a potential date column using format '%Y-%m-%d'.]
[2024-02-05 10:41:29,244: INFO: 4117177363: Numerical columns: ['$', 'Units', 'Avg Unit Price', 'Base Unit Price', 'Any Promo Units']]
[2024-02-05 10:41:29,248: INFO: 4117177363: Categorical columns: ['CATEGORY']]
[2024-02-05 10:41:31,450: INFO: 1447435153: One-Hot Encoding applied to categorical columns: ['CATEGORY']]
[2024-02-05 10:41:31,450: INFO: 1447435153: One-Hot encoded columns appended to the original dataset. Updated dataset shape: (21666, 6)]
[2024-02-05 10:42:03,159: INFO: 3867729312: Succefully read data]
[2024-02-05 10:42:03,197: INFO: 3886999444: check_leading_spaces completed]
[2024-02-05 10:42:04,445: INFO: 3221717508: Detected 'Periods' as a potential date column using format '%Y-%m-%d'.]
[2024-02-05 10:42:19,891: INFO: 4117177363: Numerical columns: ['$', 'Units', 'Avg Unit Price', 'Base Unit Price', 'Any Promo Units']]
[2024-02-05 10:42:19,891: INFO: 4117177363: Categorical columns: ['CATEGORY']]
[2024-02-05 10:42:21,874: INFO: 1447435153: One-Hot Encoding applied to categorical columns: ['CATEGORY']]
[2024-02-05 10:42:21,877: INFO: 1447435153: One-Hot encoded columns appended to the original dataset. Updated dataset shape: (21666, 6)]
[2024-02-05 10:42:46,644: INFO: 3867729312: Succefully read data]
[2024-02-05 10:42:47,516: INFO: 3886999444: check_leading_spaces completed]
[2024-02-05 10:42:49,698: INFO: 3221717508: Detected 'Periods' as a potential date column using format '%Y-%m-%d'.]
[2024-02-05 10:42:59,458: INFO: 4117177363: Numerical columns: ['$', 'Units', 'Avg Unit Price', 'Base Unit Price', 'Any Promo Units']]
[2024-02-05 10:42:59,458: INFO: 4117177363: Categorical columns: ['CATEGORY']]
[2024-02-05 10:43:02,406: INFO: 2748747421: One-Hot Encoding applied to categorical columns: ['CATEGORY']]
[2024-02-05 10:43:02,408: INFO: 2748747421: One-Hot encoded columns appended to the original dataset. Updated dataset shape: (21666, 9)]
[2024-02-05 10:43:19,822: INFO: 4267331785: Found target column: $]
[2024-02-05 10:43:22,926: INFO: 4227659725: Missing values handled. Null count after treatment: 0]
[2024-02-05 10:43:29,322: INFO: 3149303080: Outliers Detected in target column $]
[2024-02-05 10:44:12,733: INFO: 2025814116: Outlier Treatment completed on target column $]
[2024-02-05 10:44:17,517: INFO: 3149303080: Outliers Detected in target column $]
[2024-02-05 10:46:35,650: INFO: 3867729312: Succefully read data]
[2024-02-05 10:46:35,692: INFO: 3886999444: check_leading_spaces completed]
[2024-02-05 10:46:36,184: INFO: 3221717508: Detected 'Periods' as a potential date column using format '%Y-%m-%d'.]
[2024-02-05 10:46:43,484: INFO: 4117177363: Numerical columns: ['$', 'Units', 'Avg Unit Price', 'Base Unit Price', 'Any Promo Units']]
[2024-02-05 10:46:43,484: INFO: 4117177363: Categorical columns: ['CATEGORY']]
[2024-02-05 10:46:45,813: INFO: 2748747421: One-Hot Encoding applied to categorical columns: ['CATEGORY']]
[2024-02-05 10:46:45,814: INFO: 2748747421: One-Hot encoded columns appended to the original dataset. Updated dataset shape: (21666, 9)]
[2024-02-05 10:46:47,934: INFO: 4267331785: Found target column: $]
[2024-02-05 10:46:53,224: INFO: 4227659725: Missing values handled. Null count after treatment: 0]
[2024-02-05 10:47:12,227: INFO: 3149303080: Outliers Detected in target column $]
[2024-02-05 10:49:59,766: INFO: 2025814116: Outlier Treatment completed on target column $]
[2024-02-05 10:54:20,695: INFO: 3867729312: Succefully read data]
[2024-02-05 10:54:20,747: INFO: 3886999444: check_leading_spaces completed]
[2024-02-05 10:54:20,776: INFO: 3221717508: Detected 'Periods' as a potential date column using format '%Y-%m-%d'.]
[2024-02-05 10:54:23,780: INFO: 4117177363: Numerical columns: ['$', 'Units', 'Avg Unit Price', 'Base Unit Price', 'Any Promo Units']]
[2024-02-05 10:54:23,781: INFO: 4117177363: Categorical columns: ['CATEGORY']]
[2024-02-05 10:54:25,370: INFO: 2748747421: One-Hot Encoding applied to categorical columns: ['CATEGORY']]
[2024-02-05 10:54:25,372: INFO: 2748747421: One-Hot encoded columns appended to the original dataset. Updated dataset shape: (21666, 9)]
[2024-02-05 10:54:26,206: INFO: 4267331785: Found target column: $]
[2024-02-05 10:54:27,367: INFO: 4227659725: Missing values handled. Null count after treatment: 0]
[2024-02-05 10:54:29,675: INFO: 3149303080: Outliers Detected in target column $]
[2024-02-05 10:54:33,434: INFO: 2025814116: Outlier Treatment completed on target column $]
[2024-02-05 10:59:48,480: INFO: 3867729312: Succefully read data]
[2024-02-05 10:59:48,519: INFO: 3886999444: check_leading_spaces completed]
[2024-02-05 10:59:48,552: INFO: 3221717508: Detected 'Periods' as a potential date column using format '%Y-%m-%d'.]
[2024-02-05 10:59:53,034: INFO: 4117177363: Numerical columns: ['$', 'Units', 'Avg Unit Price', 'Base Unit Price', 'Any Promo Units']]
[2024-02-05 10:59:53,036: INFO: 4117177363: Categorical columns: ['CATEGORY']]
[2024-02-05 10:59:54,165: INFO: 2748747421: One-Hot Encoding applied to categorical columns: ['CATEGORY']]
[2024-02-05 10:59:54,167: INFO: 2748747421: One-Hot encoded columns appended to the original dataset. Updated dataset shape: (21666, 9)]
[2024-02-05 10:59:57,288: INFO: 4267331785: Found target column: $]
[2024-02-05 10:59:58,531: INFO: 4227659725: Missing values handled. Null count after treatment: 0]
[2024-02-05 11:00:00,206: INFO: 3149303080: Outliers Detected in target column $]
[2024-02-05 11:00:10,198: INFO: 2025814116: Outlier Treatment completed on target column $]
[2024-02-05 11:21:09,632: INFO: 3867729312: Succefully read data]
[2024-02-05 11:21:09,672: INFO: 3886999444: check_leading_spaces completed]
[2024-02-05 11:21:09,697: INFO: 3221717508: Detected 'Periods' as a potential date column using format '%Y-%m-%d'.]
[2024-02-05 11:21:11,588: INFO: 4117177363: Numerical columns: ['$', 'Units', 'Avg Unit Price', 'Base Unit Price', 'Any Promo Units']]
[2024-02-05 11:21:11,589: INFO: 4117177363: Categorical columns: ['CATEGORY']]
[2024-02-05 11:21:11,813: INFO: 2748747421: One-Hot Encoding applied to categorical columns: ['CATEGORY']]
[2024-02-05 11:21:11,814: INFO: 2748747421: One-Hot encoded columns appended to the original dataset. Updated dataset shape: (21666, 9)]
[2024-02-05 11:21:13,202: INFO: 4267331785: Found target column: $]
[2024-02-05 11:21:15,088: INFO: 4227659725: Missing values handled. Null count after treatment: 0]
[2024-02-05 11:21:16,573: INFO: 3149303080: Outliers Detected in target column $]
[2024-02-05 11:21:19,074: INFO: 2025814116: Outlier Treatment completed on target column $]
[2024-02-05 11:21:45,179: INFO: 3867729312: Succefully read data]
[2024-02-05 11:21:45,241: INFO: 3886999444: check_leading_spaces completed]
[2024-02-05 11:21:45,280: INFO: 3221717508: Detected 'Periods' as a potential date column using format '%Y-%m-%d'.]
[2024-02-05 11:21:45,571: INFO: 4117177363: Numerical columns: ['$', 'Units', 'Avg Unit Price', 'Base Unit Price', 'Any Promo Units']]
[2024-02-05 11:21:45,572: INFO: 4117177363: Categorical columns: ['CATEGORY']]
[2024-02-05 11:21:45,603: INFO: 2748747421: One-Hot Encoding applied to categorical columns: ['CATEGORY']]
[2024-02-05 11:21:45,604: INFO: 2748747421: One-Hot encoded columns appended to the original dataset. Updated dataset shape: (21666, 9)]
[2024-02-05 11:21:45,646: INFO: 4267331785: Found target column: $]
[2024-02-05 11:21:45,678: INFO: 4227659725: Missing values handled. Null count after treatment: 0]
[2024-02-05 11:21:45,745: INFO: 3149303080: Outliers Detected in target column $]
[2024-02-05 11:21:45,847: INFO: 2025814116: Outlier Treatment completed on target column $]
[2024-02-05 11:24:04,712: INFO: 3867729312: Succefully read data]
[2024-02-05 11:24:05,837: INFO: 3886999444: check_leading_spaces completed]
[2024-02-05 11:24:57,545: INFO: 3221717508: Detected 'Periods' as a potential date column using format '%Y-%m-%d'.]
[2024-02-05 11:25:03,851: INFO: 4117177363: Numerical columns: ['$', 'Units', 'Avg Unit Price', 'Base Unit Price', 'Any Promo Units']]
[2024-02-05 11:25:03,851: INFO: 4117177363: Categorical columns: ['CATEGORY']]
[2024-02-05 11:25:05,027: INFO: 2748747421: One-Hot Encoding applied to categorical columns: ['CATEGORY']]
[2024-02-05 11:25:05,027: INFO: 2748747421: One-Hot encoded columns appended to the original dataset. Updated dataset shape: (21666, 9)]
[2024-02-05 11:25:08,821: INFO: 4267331785: Found target column: $]
[2024-02-05 11:25:18,935: INFO: 4227659725: Missing values handled. Null count after treatment: 0]
[2024-02-05 11:25:20,750: INFO: 3149303080: Outliers Detected in target column $]
[2024-02-05 11:26:28,992: INFO: 2025814116: Outlier Treatment completed on target column $]
[2024-02-05 11:44:13,430: INFO: 3867729312: Succefully read data]
[2024-02-05 11:44:13,485: INFO: 3886999444: check_leading_spaces completed]
[2024-02-05 11:44:13,517: INFO: 3221717508: Detected 'Periods' as a potential date column using format '%Y-%m-%d'.]
[2024-02-05 11:44:18,633: INFO: 4117177363: Numerical columns: ['$', 'Units', 'Avg Unit Price', 'Base Unit Price', 'Any Promo Units']]
[2024-02-05 11:44:18,637: INFO: 4117177363: Categorical columns: ['CATEGORY']]
[2024-02-05 11:44:18,988: INFO: 2748747421: One-Hot Encoding applied to categorical columns: ['CATEGORY']]
[2024-02-05 11:44:18,988: INFO: 2748747421: One-Hot encoded columns appended to the original dataset. Updated dataset shape: (21666, 9)]
[2024-02-05 11:44:25,280: INFO: 4267331785: Found target column: $]
[2024-02-05 11:44:28,552: INFO: 4227659725: Missing values handled. Null count after treatment: 0]
[2024-02-05 11:44:34,864: INFO: 3149303080: Outliers Detected in target column $]
[2024-02-05 11:44:44,511: INFO: 2025814116: Outlier Treatment completed on target column $]
